<?xml version="1.0" encoding="UTF-8"?>
<!-- Generated by org.testng.reporters.JUnitReportReporter -->
<testsuite skipped="0" hostname="IN-CHNI-Gopishankar-Haridas.local" name="APITests.testGetCalls" tests="1" failures="0" timestamp="28 Feb 2019 12:53:28 GMT" time="0.948" errors="0">
  <testcase name="testGetOrder" time="0.948" classname="APITests.testGetCalls"/>
</testsuite> <!-- APITests.testGetCalls -->
